c:\users\zhen.ji\documents\visual studio 2015\projects\qtguiapplication1\qtguiapplication1\x64\release\moc_qtguiapplication1.obj
c:\users\zhen.ji\documents\visual studio 2015\projects\qtguiapplication1\qtguiapplication1\x64\release\qrc_qtguiapplication1.obj
c:\users\zhen.ji\documents\visual studio 2015\projects\qtguiapplication1\qtguiapplication1\x64\release\qtguiapplication1.obj
c:\users\zhen.ji\documents\visual studio 2015\projects\qtguiapplication1\qtguiapplication1\x64\release\main.obj
c:\users\zhen.ji\documents\visual studio 2015\projects\qtguiapplication1\x64\release\qtguiapplication1.exe
c:\users\zhen.ji\documents\visual studio 2015\projects\qtguiapplication1\qtguiapplication1\generatedfiles\release\moc_qtguiapplication1.cpp
c:\users\zhen.ji\documents\visual studio 2015\projects\qtguiapplication1\qtguiapplication1\generatedfiles\qrc_qtguiapplication1.cpp
c:\users\zhen.ji\documents\visual studio 2015\projects\qtguiapplication1\qtguiapplication1\generatedfiles\ui_qtguiapplication1.h
c:\users\zhen.ji\documents\visual studio 2015\projects\qtguiapplication1\qtguiapplication1\.\generatedfiles\release\moc_qtguiapplication1.cpp
c:\users\zhen.ji\documents\visual studio 2015\projects\qtguiapplication1\qtguiapplication1\.\generatedfiles\qrc_qtguiapplication1.cpp
c:\users\zhen.ji\documents\visual studio 2015\projects\qtguiapplication1\qtguiapplication1\.\generatedfiles\ui_qtguiapplication1.h
c:\users\zhen.ji\documents\visual studio 2015\projects\qtguiapplication1\qtguiapplication1\x64\release\qtguiapp.b12702ad.tlog\cl.command.1.tlog
c:\users\zhen.ji\documents\visual studio 2015\projects\qtguiapplication1\qtguiapplication1\x64\release\qtguiapp.b12702ad.tlog\cl.read.1.tlog
c:\users\zhen.ji\documents\visual studio 2015\projects\qtguiapplication1\qtguiapplication1\x64\release\qtguiapp.b12702ad.tlog\cl.write.1.tlog
c:\users\zhen.ji\documents\visual studio 2015\projects\qtguiapplication1\qtguiapplication1\x64\release\qtguiapp.b12702ad.tlog\link.command.1.tlog
c:\users\zhen.ji\documents\visual studio 2015\projects\qtguiapplication1\qtguiapplication1\x64\release\qtguiapp.b12702ad.tlog\link.read.1.tlog
c:\users\zhen.ji\documents\visual studio 2015\projects\qtguiapplication1\qtguiapplication1\x64\release\qtguiapp.b12702ad.tlog\link.write.1.tlog
c:\users\zhen.ji\documents\visual studio 2015\projects\qtguiapplication1\qtguiapplication1\x64\release\qtguiapp.b12702ad.tlog\qtguiapplication1.write.1u.tlog
c:\users\zhen.ji\documents\visual studio 2015\projects\qtguiapplication1\qtguiapplication1\x64\release\qtguiapp.b12702ad.tlog\qtmoc.read.1u.tlog
c:\users\zhen.ji\documents\visual studio 2015\projects\qtguiapplication1\qtguiapplication1\x64\release\qtguiapp.b12702ad.tlog\qtmoc.write.1u.tlog
c:\users\zhen.ji\documents\visual studio 2015\projects\qtguiapplication1\qtguiapplication1\x64\release\qtguiapp.b12702ad.tlog\qtrcc.read.1u.tlog
c:\users\zhen.ji\documents\visual studio 2015\projects\qtguiapplication1\qtguiapplication1\x64\release\qtguiapp.b12702ad.tlog\qtrcc.write.1u.tlog
c:\users\zhen.ji\documents\visual studio 2015\projects\qtguiapplication1\qtguiapplication1\x64\release\qtguiapp.b12702ad.tlog\qtuic.read.1u.tlog
c:\users\zhen.ji\documents\visual studio 2015\projects\qtguiapplication1\qtguiapplication1\x64\release\qtguiapp.b12702ad.tlog\qtuic.write.1u.tlog
