c:\users\zhen.ji\documents\visual studio 2015\projects\qtguiapplication1\qtguiapplication1\x64\debug\moc_qtguiapplication1.obj
c:\users\zhen.ji\documents\visual studio 2015\projects\qtguiapplication1\qtguiapplication1\x64\debug\qrc_qtguiapplication1.obj
c:\users\zhen.ji\documents\visual studio 2015\projects\qtguiapplication1\qtguiapplication1\x64\debug\qtguiapplication1.obj
c:\users\zhen.ji\documents\visual studio 2015\projects\qtguiapplication1\qtguiapplication1\generatedfiles\debug\moc_qtguiapplication1.cpp
c:\users\zhen.ji\documents\visual studio 2015\projects\qtguiapplication1\qtguiapplication1\generatedfiles\qrc_qtguiapplication1.cpp
c:\users\zhen.ji\documents\visual studio 2015\projects\qtguiapplication1\qtguiapplication1\generatedfiles\ui_qtguiapplication1.h
c:\users\zhen.ji\documents\visual studio 2015\projects\qtguiapplication1\qtguiapplication1\.\generatedfiles\debug\moc_qtguiapplication1.cpp
c:\users\zhen.ji\documents\visual studio 2015\projects\qtguiapplication1\qtguiapplication1\.\generatedfiles\qrc_qtguiapplication1.cpp
c:\users\zhen.ji\documents\visual studio 2015\projects\qtguiapplication1\qtguiapplication1\.\generatedfiles\ui_qtguiapplication1.h
c:\users\zhen.ji\documents\visual studio 2015\projects\qtguiapplication1\qtguiapplication1\x64\debug\vc140.pdb
c:\users\zhen.ji\documents\visual studio 2015\projects\qtguiapplication1\qtguiapplication1\x64\debug\qtguiapp.b12702ad.tlog\cl.command.1.tlog
c:\users\zhen.ji\documents\visual studio 2015\projects\qtguiapplication1\qtguiapplication1\x64\debug\qtguiapp.b12702ad.tlog\cl.read.1.tlog
c:\users\zhen.ji\documents\visual studio 2015\projects\qtguiapplication1\qtguiapplication1\x64\debug\qtguiapp.b12702ad.tlog\cl.write.1.tlog
c:\users\zhen.ji\documents\visual studio 2015\projects\qtguiapplication1\qtguiapplication1\x64\debug\qtguiapp.b12702ad.tlog\qtguiapplication1.write.1u.tlog
c:\users\zhen.ji\documents\visual studio 2015\projects\qtguiapplication1\qtguiapplication1\x64\debug\qtguiapp.b12702ad.tlog\qtmoc.read.1u.tlog
c:\users\zhen.ji\documents\visual studio 2015\projects\qtguiapplication1\qtguiapplication1\x64\debug\qtguiapp.b12702ad.tlog\qtmoc.write.1u.tlog
c:\users\zhen.ji\documents\visual studio 2015\projects\qtguiapplication1\qtguiapplication1\x64\debug\qtguiapp.b12702ad.tlog\qtrcc.read.1u.tlog
c:\users\zhen.ji\documents\visual studio 2015\projects\qtguiapplication1\qtguiapplication1\x64\debug\qtguiapp.b12702ad.tlog\qtrcc.write.1u.tlog
c:\users\zhen.ji\documents\visual studio 2015\projects\qtguiapplication1\qtguiapplication1\x64\debug\qtguiapp.b12702ad.tlog\qtuic.read.1u.tlog
c:\users\zhen.ji\documents\visual studio 2015\projects\qtguiapplication1\qtguiapplication1\x64\debug\qtguiapp.b12702ad.tlog\qtuic.write.1u.tlog
